  Lab7.cpp
D:\ПТУ\Операционки\Lab7\Lab7\Lab7\Lab7.cpp(80,8): warning C4101: dwError: неиспользованная локальная переменная
D:\ПТУ\Операционки\Lab7\Lab7\Lab7\Lab7.cpp(167,14): warning C4477: "printf": в строке форматирования "%s" требуется аргумент типа "char *", но вариативный аргумент "2" имеет тип "WCHAR *"
D:\ПТУ\Операционки\Lab7\Lab7\Lab7\Lab7.cpp(167,14): message : рекомендуется использовать "%ls" в строке форматирования
D:\ПТУ\Операционки\Lab7\Lab7\Lab7\Lab7.cpp(167,14): message : рекомендуется использовать "%lls" в строке форматирования
D:\ПТУ\Операционки\Lab7\Lab7\Lab7\Lab7.cpp(167,14): message : рекомендуется использовать "%Ls" в строке форматирования
D:\ПТУ\Операционки\Lab7\Lab7\Lab7\Lab7.cpp(167,14): message : рекомендуется использовать "%ws" в строке форматирования
D:\ПТУ\Операционки\Lab7\Lab7\Lab7\Lab7.cpp(168,22): warning C4477: "sprintf_s": в строке форматирования "%s" требуется аргумент типа "char *", но вариативный аргумент "2" имеет тип "WCHAR *"
D:\ПТУ\Операционки\Lab7\Lab7\Lab7\Lab7.cpp(168,22): message : рекомендуется использовать "%ls" в строке форматирования
D:\ПТУ\Операционки\Lab7\Lab7\Lab7\Lab7.cpp(168,22): message : рекомендуется использовать "%lls" в строке форматирования
D:\ПТУ\Операционки\Lab7\Lab7\Lab7\Lab7.cpp(168,22): message : рекомендуется использовать "%Ls" в строке форматирования
D:\ПТУ\Операционки\Lab7\Lab7\Lab7\Lab7.cpp(168,22): message : рекомендуется использовать "%ws" в строке форматирования
D:\ПТУ\Операционки\Lab7\Lab7\Lab7\Lab7.cpp(174,14): warning C4477: "printf": в строке форматирования "%s" требуется аргумент типа "char *", но вариативный аргумент "2" имеет тип "WCHAR *"
D:\ПТУ\Операционки\Lab7\Lab7\Lab7\Lab7.cpp(174,14): message : рекомендуется использовать "%ls" в строке форматирования
D:\ПТУ\Операционки\Lab7\Lab7\Lab7\Lab7.cpp(174,14): message : рекомендуется использовать "%lls" в строке форматирования
D:\ПТУ\Операционки\Lab7\Lab7\Lab7\Lab7.cpp(174,14): message : рекомендуется использовать "%Ls" в строке форматирования
D:\ПТУ\Операционки\Lab7\Lab7\Lab7\Lab7.cpp(174,14): message : рекомендуется использовать "%ws" в строке форматирования
D:\ПТУ\Операционки\Lab7\Lab7\Lab7\Lab7.cpp(175,27): warning C4477: "sprintf_s": в строке форматирования "%s" требуется аргумент типа "char *", но вариативный аргумент "3" имеет тип "WCHAR *"
D:\ПТУ\Операционки\Lab7\Lab7\Lab7\Lab7.cpp(175,27): message : рекомендуется использовать "%ls" в строке форматирования
D:\ПТУ\Операционки\Lab7\Lab7\Lab7\Lab7.cpp(175,27): message : рекомендуется использовать "%lls" в строке форматирования
D:\ПТУ\Операционки\Lab7\Lab7\Lab7\Lab7.cpp(175,27): message : рекомендуется использовать "%Ls" в строке форматирования
D:\ПТУ\Операционки\Lab7\Lab7\Lab7\Lab7.cpp(175,27): message : рекомендуется использовать "%ws" в строке форматирования
D:\ПТУ\Операционки\Lab7\Lab7\Lab7\Lab7.cpp(214,9): warning C4101: file: неиспользованная локальная переменная
  Lab7.vcxproj -> D:\ПТУ\Операционки\Lab7\Lab7\Debug\Lab7.exe
